Arguments: 
  /home/islempenywis/.nvm/versions/node/v12.0.0/bin/node /usr/share/yarn/bin/yarn.js rollup -c --watch

PATH: 
  /home/islempenywis/.deno/bin/:/home/islempenywis/.nvm/versions/node/v12.0.0/bin/:/home/islempenywis/Source/tools/pentest/Phantom-Evasion:/home/islempenywis/opt/metasploit-framework/:/home/islempenywis/.rbenv/plugins/ruby-build/bin:/home/islempenywis/.rbenv/shims:/home/islempenywis/.rbenv/bin:/home/islempenywis/Source/Projects/go/bin:/usr/local/go/bin:/home/islempenywis/Android/Sdk/platform-tools:/home/islempenywis/Android/Sdk/tools:/home/islempenywis/.local/bin:/usr/local/sbin:/usr/local/bin:/usr/sbin:/usr/bin:/sbin:/bin:/usr/games:/usr/local/games:/snap/bin:/home/islempenywis/.local/bin:/home/islempenywis/Source/RATs/pupy/pupy/:/usr/lib/postgresql/10/bin:/usr/lib/postgresql/10/bin

Yarn version: 
  1.21.1

Node version: 
  12.0.0

Platform: 
  linux x64

Trace: 
  Error: ENOSPC: no space left on device, mkdir '/tmp/yarn--1605127209226-0.8458072377266037'

npm manifest: 
  {
    "name": "voice-assistant",
    "version": "1.0.0",
    "description": "Voice assistant that serves voical commands using Javascript and Tensorflow Explained on Coderone's youtube channel",
    "main": "index.js",
    "author": "Islem Maboud",
    "license": "MIT",
    "private": true,
    "devDependencies": {
      "@babel/core": "^7.12.3",
      "@babel/plugin-external-helpers": "^7.12.1",
      "@rollup/plugin-babel": "^5.2.1",
      "babel-preset-env": "^1.7.0",
      "rollup": "^2.33.1"
    },
    "dependencies": {
      "@tensorflow-models/speech-commands": "^0.4.2",
      "@tensorflow/tfjs": "^2.7.0"
    }
  }

yarn manifest: 
  No manifest

Lockfile: 
  # THIS IS AN AUTOGENERATED FILE. DO NOT EDIT THIS FILE DIRECTLY.
  # yarn lockfile v1
  
  
  "@babel/code-frame@^7.10.4":
    version "7.10.4"
    resolved "https://registry.yarnpkg.com/@babel/code-frame/-/code-frame-7.10.4.tgz#168da1a36e90da68ae8d49c0f1b48c7c6249213a"
    integrity sha512-vG6SvB6oYEhvgisZNFRmRCUkLz11c7rp+tbNTynGqc6mS1d5ATd/sGyV6W0KZZnXRKMTzZDRgQT3Ou9jhpAfUg==
    dependencies:
      "@babel/highlight" "^7.10.4"
  
  "@babel/core@^7.12.3":
    version "7.12.3"
    resolved "https://registry.yarnpkg.com/@babel/core/-/core-7.12.3.tgz#1b436884e1e3bff6fb1328dc02b208759de92ad8"
    integrity sha512-0qXcZYKZp3/6N2jKYVxZv0aNCsxTSVCiK72DTiTYZAu7sjg73W0/aynWjMbiGd87EQL4WyA8reiJVh92AVla9g==
    dependencies:
      "@babel/code-frame" "^7.10.4"
      "@babel/generator" "^7.12.1"
      "@babel/helper-module-transforms" "^7.12.1"
      "@babel/helpers" "^7.12.1"
      "@babel/parser" "^7.12.3"
      "@babel/template" "^7.10.4"
      "@babel/traverse" "^7.12.1"
      "@babel/types" "^7.12.1"
      convert-source-map "^1.7.0"
      debug "^4.1.0"
      gensync "^1.0.0-beta.1"
      json5 "^2.1.2"
      lodash "^4.17.19"
      resolve "^1.3.2"
      semver "^5.4.1"
      source-map "^0.5.0"
  
  "@babel/generator@^7.12.1", "@babel/generator@^7.12.5":
    version "7.12.5"
    resolved "https://registry.yarnpkg.com/@babel/generator/-/generator-7.12.5.tgz#a2c50de5c8b6d708ab95be5e6053936c1884a4de"
    integrity sha512-m16TQQJ8hPt7E+OS/XVQg/7U184MLXtvuGbCdA7na61vha+ImkyyNM/9DDA0unYCVZn3ZOhng+qz48/KBOT96A==
    dependencies:
      "@babel/types" "^7.12.5"
      jsesc "^2.5.1"
      source-map "^0.5.0"
  
  "@babel/helper-function-name@^7.10.4":
    version "7.10.4"
    resolved "https://registry.yarnpkg.com/@babel/helper-function-name/-/helper-function-name-7.10.4.tgz#d2d3b20c59ad8c47112fa7d2a94bc09d5ef82f1a"
    integrity sha512-YdaSyz1n8gY44EmN7x44zBn9zQ1Ry2Y+3GTA+3vH6Mizke1Vw0aWDM66FOYEPw8//qKkmqOckrGgTYa+6sceqQ==
    dependencies:
      "@babel/helper-get-function-arity" "^7.10.4"
      "@babel/template" "^7.10.4"
      "@babel/types" "^7.10.4"
  
  "@babel/helper-get-function-arity@^7.10.4":
    version "7.10.4"
    resolved "https://registry.yarnpkg.com/@babel/helper-get-function-arity/-/helper-get-function-arity-7.10.4.tgz#98c1cbea0e2332f33f9a4661b8ce1505b2c19ba2"
    integrity sha512-EkN3YDB+SRDgiIUnNgcmiD361ti+AVbL3f3Henf6dqqUyr5dMsorno0lJWJuLhDhkI5sYEpgj6y9kB8AOU1I2A==
    dependencies:
      "@babel/types" "^7.10.4"
  
  "@babel/helper-member-expression-to-functions@^7.12.1":
    version "7.12.1"
    resolved "https://registry.yarnpkg.com/@babel/helper-member-expression-to-functions/-/helper-member-expression-to-functions-7.12.1.tgz#fba0f2fcff3fba00e6ecb664bb5e6e26e2d6165c"
    integrity sha512-k0CIe3tXUKTRSoEx1LQEPFU9vRQfqHtl+kf8eNnDqb4AUJEy5pz6aIiog+YWtVm2jpggjS1laH68bPsR+KWWPQ==
    dependencies:
      "@babel/types" "^7.12.1"
  
  "@babel/helper-module-imports@^7.10.4", "@babel/helper-module-imports@^7.12.1":
    version "7.12.5"
    resolved "https://registry.yarnpkg.com/@babel/helper-module-imports/-/helper-module-imports-7.12.5.tgz#1bfc0229f794988f76ed0a4d4e90860850b54dfb"
    integrity sha512-SR713Ogqg6++uexFRORf/+nPXMmWIn80TALu0uaFb+iQIUoR7bOC7zBWyzBs5b3tBBJXuyD0cRu1F15GyzjOWA==
    dependencies:
      "@babel/types" "^7.12.5"
  
  "@babel/helper-module-transforms@^7.12.1":
    version "7.12.1"
    resolved "https://registry.yarnpkg.com/@babel/helper-module-transforms/-/helper-module-transforms-7.12.1.tgz#7954fec71f5b32c48e4b303b437c34453fd7247c"
    integrity sha512-QQzehgFAZ2bbISiCpmVGfiGux8YVFXQ0abBic2Envhej22DVXV9nCFaS5hIQbkyo1AdGb+gNME2TSh3hYJVV/w==
    dependencies:
      "@babel/helper-module-imports" "^7.12.1"
      "@babel/helper-replace-supers" "^7.12.1"
      "@babel/helper-simple-access" "^7.12.1"
      "@babel/helper-split-export-declaration" "^7.11.0"
      "@babel/helper-validator-identifier" "^7.10.4"
      "@babel/template" "^7.10.4"
      "@babel/traverse" "^7.12.1"
      "@babel/types" "^7.12.1"
      lodash "^4.17.19"
  
  "@babel/helper-optimise-call-expression@^7.10.4":
    version "7.10.4"
    resolved "https://registry.yarnpkg.com/@babel/helper-optimise-call-expression/-/helper-optimise-call-expression-7.10.4.tgz#50dc96413d594f995a77905905b05893cd779673"
    integrity sha512-n3UGKY4VXwXThEiKrgRAoVPBMqeoPgHVqiHZOanAJCG9nQUL2pLRQirUzl0ioKclHGpGqRgIOkgcIJaIWLpygg==
    dependencies:
      "@babel/types" "^7.10.4"
  
  "@babel/helper-plugin-utils@^7.10.4":
    version "7.10.4"
    resolved "https://registry.yarnpkg.com/@babel/helper-plugin-utils/-/helper-plugin-utils-7.10.4.tgz#2f75a831269d4f677de49986dff59927533cf375"
    integrity sha512-O4KCvQA6lLiMU9l2eawBPMf1xPP8xPfB3iEQw150hOVTqj/rfXz0ThTb4HEzqQfs2Bmo5Ay8BzxfzVtBrr9dVg==
  
  "@babel/helper-replace-supers@^7.12.1":
    version "7.12.5"
    resolved "https://registry.yarnpkg.com/@babel/helper-replace-supers/-/helper-replace-supers-7.12.5.tgz#f009a17543bbbbce16b06206ae73b63d3fca68d9"
    integrity sha512-5YILoed0ZyIpF4gKcpZitEnXEJ9UoDRki1Ey6xz46rxOzfNMAhVIJMoune1hmPVxh40LRv1+oafz7UsWX+vyWA==
    dependencies:
      "@babel/helper-member-expression-to-functions" "^7.12.1"
      "@babel/helper-optimise-call-expression" "^7.10.4"
      "@babel/traverse" "^7.12.5"
      "@babel/types" "^7.12.5"
  
  "@babel/helper-simple-access@^7.12.1":
    version "7.12.1"
    resolved "https://registry.yarnpkg.com/@babel/helper-simple-access/-/helper-simple-access-7.12.1.tgz#32427e5aa61547d38eb1e6eaf5fd1426fdad9136"
    integrity sha512-OxBp7pMrjVewSSC8fXDFrHrBcJATOOFssZwv16F3/6Xtc138GHybBfPbm9kfiqQHKhYQrlamWILwlDCeyMFEaA==
    dependencies:
      "@babel/types" "^7.12.1"
  
  "@babel/helper-split-export-declaration@^7.11.0":
    version "7.11.0"
    resolved "https://registry.yarnpkg.com/@babel/helper-split-export-declaration/-/helper-split-export-declaration-7.11.0.tgz#f8a491244acf6a676158ac42072911ba83ad099f"
    integrity sha512-74Vejvp6mHkGE+m+k5vHY93FX2cAtrw1zXrZXRlG4l410Nm9PxfEiVTn1PjDPV5SnmieiueY4AFg2xqhNFuuZg==
    dependencies:
      "@babel/types" "^7.11.0"
  
  "@babel/helper-validator-identifier@^7.10.4":
    version "7.10.4"
    resolved "https://registry.yarnpkg.com/@babel/helper-validator-identifier/-/helper-validator-identifier-7.10.4.tgz#a78c7a7251e01f616512d31b10adcf52ada5e0d2"
    integrity sha512-3U9y+43hz7ZM+rzG24Qe2mufW5KhvFg/NhnNph+i9mgCtdTCtMJuI1TMkrIUiK7Ix4PYlRF9I5dhqaLYA/ADXw==
  
  "@babel/helpers@^7.12.1":
    version "7.12.5"
    resolved "https://registry.yarnpkg.com/@babel/helpers/-/helpers-7.12.5.tgz#1a1ba4a768d9b58310eda516c449913fe647116e"
    integrity sha512-lgKGMQlKqA8meJqKsW6rUnc4MdUk35Ln0ATDqdM1a/UpARODdI4j5Y5lVfUScnSNkJcdCRAaWkspykNoFg9sJA==
    dependencies:
      "@babel/template" "^7.10.4"
      "@babel/traverse" "^7.12.5"
      "@babel/types" "^7.12.5"
  
  "@babel/highlight@^7.10.4":
    version "7.10.4"
    resolved "https://registry.yarnpkg.com/@babel/highlight/-/highlight-7.10.4.tgz#7d1bdfd65753538fabe6c38596cdb76d9ac60143"
    integrity sha512-i6rgnR/YgPEQzZZnbTHHuZdlE8qyoBNalD6F+q4vAFlcMEcqmkoG+mPqJYJCo63qPf74+Y1UZsl3l6f7/RIkmA==
    dependencies:
      "@babel/helper-validator-identifier" "^7.10.4"
      chalk "^2.0.0"
      js-tokens "^4.0.0"
  
  "@babel/parser@^7.10.4", "@babel/parser@^7.12.3", "@babel/parser@^7.12.5":
    version "7.12.5"
    resolved "https://registry.yarnpkg.com/@babel/parser/-/parser-7.12.5.tgz#b4af32ddd473c0bfa643bd7ff0728b8e71b81ea0"
    integrity sha512-FVM6RZQ0mn2KCf1VUED7KepYeUWoVShczewOCfm3nzoBybaih51h+sYVVGthW9M6lPByEPTQf+xm27PBdlpwmQ==
  
  "@babel/plugin-external-helpers@^7.12.1":
    version "7.12.1"
    resolved "https://registry.yarnpkg.com/@babel/plugin-external-helpers/-/plugin-external-helpers-7.12.1.tgz#df474775860b3b8bdfeaedd45596cd2c7f36a2be"
    integrity sha512-5VBqan0daXhDSRjrq2miABuELRwWJWFdM42Jvs/CDuhp+Es+fW+ISA5l+co8d+9oN3WLz/N3VvzyeseL3AvjxA==
    dependencies:
      "@babel/helper-plugin-utils" "^7.10.4"
  
  "@babel/template@^7.10.4":
    version "7.10.4"
    resolved "https://registry.yarnpkg.com/@babel/template/-/template-7.10.4.tgz#3251996c4200ebc71d1a8fc405fba940f36ba278"
    integrity sha512-ZCjD27cGJFUB6nmCB1Enki3r+L5kJveX9pq1SvAUKoICy6CZ9yD8xO086YXdYhvNjBdnekm4ZnaP5yC8Cs/1tA==
    dependencies:
      "@babel/code-frame" "^7.10.4"
      "@babel/parser" "^7.10.4"
      "@babel/types" "^7.10.4"
  
  "@babel/traverse@^7.12.1", "@babel/traverse@^7.12.5":
    version "7.12.5"
    resolved "https://registry.yarnpkg.com/@babel/traverse/-/traverse-7.12.5.tgz#78a0c68c8e8a35e4cacfd31db8bb303d5606f095"
    integrity sha512-xa15FbQnias7z9a62LwYAA5SZZPkHIXpd42C6uW68o8uTuua96FHZy1y61Va5P/i83FAAcMpW8+A/QayntzuqA==
    dependencies:
      "@babel/code-frame" "^7.10.4"
      "@babel/generator" "^7.12.5"
      "@babel/helper-function-name" "^7.10.4"
      "@babel/helper-split-export-declaration" "^7.11.0"
      "@babel/parser" "^7.12.5"
      "@babel/types" "^7.12.5"
      debug "^4.1.0"
      globals "^11.1.0"
      lodash "^4.17.19"
  
  "@babel/types@^7.10.4", "@babel/types@^7.11.0", "@babel/types@^7.12.1", "@babel/types@^7.12.5":
    version "7.12.6"
    resolved "https://registry.yarnpkg.com/@babel/types/-/types-7.12.6.tgz#ae0e55ef1cce1fbc881cd26f8234eb3e657edc96"
    integrity sha512-hwyjw6GvjBLiyy3W0YQf0Z5Zf4NpYejUnKFcfcUhZCSffoBBp30w6wP2Wn6pk31jMYZvcOrB/1b7cGXvEoKogA==
    dependencies:
      "@babel/helper-validator-identifier" "^7.10.4"
      lodash "^4.17.19"
      to-fast-properties "^2.0.0"
  
  "@rollup/plugin-babel@^5.2.1":
    version "5.2.1"
    resolved "https://registry.yarnpkg.com/@rollup/plugin-babel/-/plugin-babel-5.2.1.tgz#20fc8f8864dc0eaa1c5578408459606808f72924"
    integrity sha512-Jd7oqFR2dzZJ3NWANDyBjwTtX/lYbZpVcmkHrfQcpvawHs9E4c0nYk5U2mfZ6I/DZcIvy506KZJi54XK/jxH7A==
    dependencies:
      "@babel/helper-module-imports" "^7.10.4"
      "@rollup/pluginutils" "^3.1.0"
  
  "@rollup/pluginutils@^3.1.0":
    version "3.1.0"
    resolved "https://registry.yarnpkg.com/@rollup/pluginutils/-/pluginutils-3.1.0.tgz#706b4524ee6dc8b103b3c995533e5ad680c02b9b"
    integrity sha512-GksZ6pr6TpIjHm8h9lSQ8pi8BE9VeubNT0OMJ3B5uZJ8pz73NPiqOtCog/x2/QzM1ENChPKxMDhiQuRHsqc+lg==
    dependencies:
      "@types/estree" "0.0.39"
      estree-walker "^1.0.1"
      picomatch "^2.2.2"
  
  "@tensorflow-models/speech-commands@^0.4.2":
    version "0.4.2"
    resolved "https://registry.yarnpkg.com/@tensorflow-models/speech-commands/-/speech-commands-0.4.2.tgz#30da01114aba9253ba0871eedc1fbe03c1306aca"
    integrity sha512-XpfRUzVy0DtQkMvR/jqRWCFgcka9pgwEdfqtHTqnIBoueAUJiuq1edD+RNzbK01O3bAJ9FIL/VuiTZmxNx92NQ==
  
  "@tensorflow/tfjs-backend-cpu@2.7.0":
    version "2.7.0"
    resolved "https://registry.yarnpkg.com/@tensorflow/tfjs-backend-cpu/-/tfjs-backend-cpu-2.7.0.tgz#f3a6c631279b0aab36c570e84343a014bc68da47"
    integrity sha512-R6ORcWq3ub81ABvBZEZ8Ok5OOT59B4AsRe66ds7B/NK0nN+k6y37bR3ZDVjgkEKNWNvzB7ydODikge3GNmgQIQ==
    dependencies:
      "@types/seedrandom" "2.4.27"
      seedrandom "2.4.3"
  
  "@tensorflow/tfjs-backend-webgl@2.7.0":
    version "2.7.0"
    resolved "https://registry.yarnpkg.com/@tensorflow/tfjs-backend-webgl/-/tfjs-backend-webgl-2.7.0.tgz#e9899fd761fa38ab9914b1910e0bf38f5104a0c4"
    integrity sha512-K7Rk5YTSWOZ969EZvh3w786daPn2ub4mA2JsX7mXKhBPUaOP9dKbBdLj9buCuMcu4zVq2pAp0QwpHSa4PHm3xg==
    dependencies:
      "@tensorflow/tfjs-backend-cpu" "2.7.0"
      "@types/offscreencanvas" "~2019.3.0"
      "@types/seedrandom" "2.4.27"
      "@types/webgl-ext" "0.0.30"
      "@types/webgl2" "0.0.5"
      seedrandom "2.4.3"
  
  "@tensorflow/tfjs-converter@2.7.0":
    version "2.7.0"
    resolved "https://registry.yarnpkg.com/@tensorflow/tfjs-converter/-/tfjs-converter-2.7.0.tgz#24acdd8964b264ba4839f7a3466f8bacafb98c13"
    integrity sha512-SBpKYn/MkN8US7DeTcnvqHpvp/WKcwzpdgkQF+eHMHEbS1lXSlt4BHhOFgRdLPzy1gEC9+6P0VdTE8NQ737t/Q==
  
  "@tensorflow/tfjs-core@2.7.0":
    version "2.7.0"
    resolved "https://registry.yarnpkg.com/@tensorflow/tfjs-core/-/tfjs-core-2.7.0.tgz#3bc24d360c388dbd87601b7823a4d7a1b67f324b"
    integrity sha512-4w5zjK6C5nkLatHpzARVQNd5QKtIocJRwjZIwWcScT9z2z1dX4rVmDoUpYg1cdD4H+yRRdI0awRaI3SL34yy8Q==
    dependencies:
      "@types/offscreencanvas" "~2019.3.0"
      "@types/seedrandom" "2.4.27"
      "@types/webgl-ext" "0.0.30"
      node-fetch "~2.6.1"
      seedrandom "2.4.3"
  
  "@tensorflow/tfjs-data@2.7.0":
    version "2.7.0"
    resolved "https://registry.yarnpkg.com/@tensorflow/tfjs-data/-/tfjs-data-2.7.0.tgz#bb2c3d3a7366e7beeabe4ba3e72dec4423b53d25"
    integrity sha512-gsVklCwqqlxhykI7U2Uy5c2hjommQCAi+3y2/LER4TNtzQTzWaGKyIXvuLuL0tE896yuzXILIMZhkUjDmUiGxA==
    dependencies:
      "@types/node-fetch" "^2.1.2"
      node-fetch "~2.6.1"
  
  "@tensorflow/tfjs-layers@2.7.0":
    version "2.7.0"
    resolved "https://registry.yarnpkg.com/@tensorflow/tfjs-layers/-/tfjs-layers-2.7.0.tgz#f67cd773165fed588b8119f899873a88bab62121"
    integrity sha512-78zsD2LLrHQuDYv0EeV83LiF0M69lKsBfuTB3FIBgS85gapZPyHh4wooKda2Y4H9EtLogU+C6bArZuDo8PaX+g==
  
  "@tensorflow/tfjs@^2.7.0":
    version "2.7.0"
    resolved "https://registry.yarnpkg.com/@tensorflow/tfjs/-/tfjs-2.7.0.tgz#14a7d63d416221a6f4b77af2f19cfe38e0e47828"
    integrity sha512-LTYK6+emFweYa3zn/o511JUR6s14/yGZpoXvFSUtdwolYHI+J50r/CyYeFpvtoTD7uwcNFQhbBAtp4L4e3Hsaw==
    dependencies:
      "@tensorflow/tfjs-backend-cpu" "2.7.0"
      "@tensorflow/tfjs-backend-webgl" "2.7.0"
      "@tensorflow/tfjs-converter" "2.7.0"
      "@tensorflow/tfjs-core" "2.7.0"
      "@tensorflow/tfjs-data" "2.7.0"
      "@tensorflow/tfjs-layers" "2.7.0"
      argparse "^1.0.10"
      chalk "^4.1.0"
      core-js "3"
      regenerator-runtime "^0.13.5"
      yargs "^16.0.3"
  
  "@types/estree@0.0.39":
    version "0.0.39"
    resolved "https://registry.yarnpkg.com/@types/estree/-/estree-0.0.39.tgz#e177e699ee1b8c22d23174caaa7422644389509f"
    integrity sha512-EYNwp3bU+98cpU4lAWYYL7Zz+2gryWH1qbdDTidVd6hkiR6weksdbMadyXKXNPEkQFhXM+hVO9ZygomHXp+AIw==
  
  "@types/node-fetch@^2.1.2":
    version "2.5.7"
    resolved "https://registry.yarnpkg.com/@types/node-fetch/-/node-fetch-2.5.7.tgz#20a2afffa882ab04d44ca786449a276f9f6bbf3c"
    integrity sha512-o2WVNf5UhWRkxlf6eq+jMZDu7kjgpgJfl4xVNlvryc95O/6F2ld8ztKX+qu+Rjyet93WAWm5LjeX9H5FGkODvw==
    dependencies:
      "@types/node" "*"
      form-data "^3.0.0"
  
  "@types/node@*":
    version "14.14.7"
    resolved "https://registry.yarnpkg.com/@types/node/-/node-14.14.7.tgz#8ea1e8f8eae2430cf440564b98c6dfce1ec5945d"
    integrity sha512-Zw1vhUSQZYw+7u5dAwNbIA9TuTotpzY/OF7sJM9FqPOF3SPjKnxrjoTktXDZgUjybf4cWVBP7O8wvKdSaGHweg==
  
  "@types/offscreencanvas@~2019.3.0":
    version "2019.3.0"
    resolved "https://registry.yarnpkg.com/@types/offscreencanvas/-/offscreencanvas-2019.3.0.tgz#3336428ec7e9180cf4566dfea5da04eb586a6553"
    integrity sha512-esIJx9bQg+QYF0ra8GnvfianIY8qWB0GBx54PK5Eps6m+xTj86KLavHv6qDhzKcu5UUOgNfJ2pWaIIV7TRUd9Q==
  
  "@types/seedrandom@2.4.27":
    version "2.4.27"
    resolved "https://registry.yarnpkg.com/@types/seedrandom/-/seedrandom-2.4.27.tgz#9db563937dd86915f69092bc43259d2f48578e41"
    integrity sha1-nbVjk33YaRX2kJK8QyWdL0hXjkE=
  
  "@types/webgl-ext@0.0.30":
    version "0.0.30"
    resolved "https://registry.yarnpkg.com/@types/webgl-ext/-/webgl-ext-0.0.30.tgz#0ce498c16a41a23d15289e0b844d945b25f0fb9d"
    integrity sha512-LKVgNmBxN0BbljJrVUwkxwRYqzsAEPcZOe6S2T6ZaBDIrFp0qu4FNlpc5sM1tGbXUYFgdVQIoeLk1Y1UoblyEg==
  
  "@types/webgl2@0.0.5":
    version "0.0.5"
    resolved "https://registry.yarnpkg.com/@types/webgl2/-/webgl2-0.0.5.tgz#dd925e20ab8ace80eb4b1e46fda5b109c508fb0d"
    integrity sha512-oGaKsBbxQOY5+aJFV3KECDhGaXt+yZJt2y/OZsnQGLRkH6Fvr7rv4pCt3SRH1somIHfej/c4u7NSpCyd9x+1Ow==
  
  ansi-regex@^2.0.0:
    version "2.1.1"
    resolved "https://registry.yarnpkg.com/ansi-regex/-/ansi-regex-2.1.1.tgz#c3b33ab5ee360d86e0e628f0468ae7ef27d654df"
    integrity sha1-w7M6te42DYbg5ijwRorn7yfWVN8=
  
  ansi-regex@^5.0.0:
    version "5.0.0"
    resolved "https://registry.yarnpkg.com/ansi-regex/-/ansi-regex-5.0.0.tgz#388539f55179bf39339c81af30a654d69f87cb75"
    integrity sha512-bY6fj56OUQ0hU1KjFNDQuJFezqKdrAyFdIevADiqrWHwSlbmBNMHp5ak2f40Pm8JTFyM2mqxkG6ngkHO11f/lg==
  
  ansi-styles@^2.2.1:
    version "2.2.1"
    resolved "https://registry.yarnpkg.com/ansi-styles/-/ansi-styles-2.2.1.tgz#b432dd3358b634cf75e1e4664368240533c1ddbe"
    integrity sha1-tDLdM1i2NM914eRmQ2gkBTPB3b4=
  
  ansi-styles@^3.2.1:
    version "3.2.1"
    resolved "https://registry.yarnpkg.com/ansi-styles/-/ansi-styles-3.2.1.tgz#41fbb20243e50b12be0f04b8dedbf07520ce841d"
    integrity sha512-VT0ZI6kZRdTh8YyJw3SMbYm/u+NqfsAxEpWO0Pf9sq8/e94WxxOpPKx9FR1FlyCtOVDNOQ+8ntlqFxiRc+r5qA==
    dependencies:
      color-convert "^1.9.0"
  
  ansi-styles@^4.0.0, ansi-styles@^4.1.0:
    version "4.3.0"
    resolved "https://registry.yarnpkg.com/ansi-styles/-/ansi-styles-4.3.0.tgz#edd803628ae71c04c85ae7a0906edad34b648937"
    integrity sha512-zbB9rCJAT1rbjiVDb2hqKFHNYLxgtk8NURxZ3IZwD3F6NtxbXZQCnnSi1Lkx+IDohdPlFp222wVALIheZJQSEg==
    dependencies:
      color-convert "^2.0.1"
  
  argparse@^1.0.10:
    version "1.0.10"
    resolved "https://registry.yarnpkg.com/argparse/-/argparse-1.0.10.tgz#bcd6791ea5ae09725e17e5ad988134cd40b3d911"
    integrity sha512-o5Roy6tNG4SL/FOkCAN6RzjiakZS25RLYFrcMttJqbdd8BWrnA+fGz57iN5Pb06pvBGvl5gQ0B48dJlslXvoTg==
    dependencies:
      sprintf-js "~1.0.2"
  
  asynckit@^0.4.0:
    version "0.4.0"
    resolved "https://registry.yarnpkg.com/asynckit/-/asynckit-0.4.0.tgz#c79ed97f7f34cb8f2ba1bc9790bcc366474b4b79"
    integrity sha1-x57Zf380y48robyXkLzDZkdLS3k=
  
  babel-code-frame@^6.26.0:
    version "6.26.0"
    resolved "https://registry.yarnpkg.com/babel-code-frame/-/babel-code-frame-6.26.0.tgz#63fd43f7dc1e3bb7ce35947db8fe369a3f58c74b"
    integrity sha1-Y/1D99weO7fONZR9uP42mj9Yx0s=
    dependencies:
      chalk "^1.1.3"
      esutils "^2.0.2"
      js-tokens "^3.0.2"
  
  babel-helper-builder-binary-assignment-operator-visitor@^6.24.1:
    version "6.24.1"
    resolved "https://registry.yarnpkg.com/babel-helper-builder-binary-assignment-operator-visitor/-/babel-helper-builder-binary-assignment-operator-visitor-6.24.1.tgz#cce4517ada356f4220bcae8a02c2b346f9a56664"
    integrity sha1-zORReto1b0IgvK6KAsKzRvmlZmQ=
    dependencies:
      babel-helper-explode-assignable-expression "^6.24.1"
      babel-runtime "^6.22.0"
      babel-types "^6.24.1"
  
  babel-helper-call-delegate@^6.24.1:
    version "6.24.1"
    resolved "https://registry.yarnpkg.com/babel-helper-call-delegate/-/babel-helper-call-delegate-6.24.1.tgz#ece6aacddc76e41c3461f88bfc575bd0daa2df8d"
    integrity sha1-7Oaqzdx25Bw0YfiL/Fdb0Nqi340=
    dependencies:
      babel-helper-hoist-variables "^6.24.1"
      babel-runtime "^6.22.0"
      babel-traverse "^6.24.1"
      babel-types "^6.24.1"
  
  babel-helper-define-map@^6.24.1:
    version "6.26.0"
    resolved "https://registry.yarnpkg.com/babel-helper-define-map/-/babel-helper-define-map-6.26.0.tgz#a5f56dab41a25f97ecb498c7ebaca9819f95be5f"
    integrity sha1-pfVtq0GiX5fstJjH66ypgZ+Vvl8=
    dependencies:
      babel-helper-function-name "^6.24.1"
      babel-runtime "^6.26.0"
      babel-types "^6.26.0"
      lodash "^4.17.4"
  
  babel-helper-explode-assignable-expression@^6.24.1:
    version "6.24.1"
    resolved "https://registry.yarnpkg.com/babel-helper-explode-assignable-expression/-/babel-helper-explode-assignable-expression-6.24.1.tgz#f25b82cf7dc10433c55f70592d5746400ac22caa"
    integrity sha1-8luCz33BBDPFX3BZLVdGQArCLKo=
    dependencies:
      babel-runtime "^6.22.0"
      babel-traverse "^6.24.1"
      babel-types "^6.24.1"
  
  babel-helper-function-name@^6.24.1:
    version "6.24.1"
    resolved "https://registry.yarnpkg.com/babel-helper-function-name/-/babel-helper-function-name-6.24.1.tgz#d3475b8c03ed98242a25b48351ab18399d3580a9"
    integrity sha1-00dbjAPtmCQqJbSDUasYOZ01gKk=
    dependencies:
      babel-helper-get-function-arity "^6.24.1"
      babel-runtime "^6.22.0"
      babel-template "^6.24.1"
      babel-traverse "^6.24.1"
      babel-types "^6.24.1"
  
  babel-helper-get-function-arity@^6.24.1:
    version "6.24.1"
    resolved "https://registry.yarnpkg.com/babel-helper-get-function-arity/-/babel-helper-get-function-arity-6.24.1.tgz#8f7782aa93407c41d3aa50908f89b031b1b6853d"
    integrity sha1-j3eCqpNAfEHTqlCQj4mwMbG2hT0=
    dependencies:
      babel-runtime "^6.22.0"
      babel-types "^6.24.1"
  
  babel-helper-hoist-variables@^6.24.1:
    version "6.24.1"
    resolved "https://registry.yarnpkg.com/babel-helper-hoist-variables/-/babel-helper-hoist-variables-6.24.1.tgz#1ecb27689c9d25513eadbc9914a73f5408be7a76"
    integrity sha1-HssnaJydJVE+rbyZFKc/VAi+enY=
    dependencies:
      babel-runtime "^6.22.0"
      babel-types "^6.24.1"
  
  babel-helper-optimise-call-expression@^6.24.1:
    version "6.24.1"
    resolved "https://registry.yarnpkg.com/babel-helper-optimise-call-expression/-/babel-helper-optimise-call-expression-6.24.1.tgz#f7a13427ba9f73f8f4fa993c54a97882d1244257"
    integrity sha1-96E0J7qfc/j0+pk8VKl4gtEkQlc=
    dependencies:
      babel-runtime "^6.22.0"
      babel-types "^6.24.1"
  
  babel-helper-regex@^6.24.1:
    version "6.26.0"
    resolved "https://registry.yarnpkg.com/babel-helper-regex/-/babel-helper-regex-6.26.0.tgz#325c59f902f82f24b74faceed0363954f6495e72"
    integrity sha1-MlxZ+QL4LyS3T6zu0DY5VPZJXnI=
    dependencies:
      babel-runtime "^6.26.0"
      babel-types "^6.26.0"
      lodash "^4.17.4"
  
  babel-helper-remap-async-to-generator@^6.24.1:
    version "6.24.1"
    resolved "https://registry.yarnpkg.com/babel-helper-remap-async-to-generator/-/babel-helper-remap-async-to-generator-6.24.1.tgz#5ec581827ad723fecdd381f1c928390676e4551b"
    integrity sha1-XsWBgnrXI/7N04HxySg5BnbkVRs=
    dependencies:
      babel-helper-function-name "^6.24.1"
      babel-runtime "^6.22.0"
      babel-template "^6.24.1"
      babel-traverse "^6.24.1"
      babel-types "^6.24.1"
  
  babel-helper-replace-supers@^6.24.1:
    version "6.24.1"
    resolved "https://registry.yarnpkg.com/babel-helper-replace-supers/-/babel-helper-replace-supers-6.24.1.tgz#bf6dbfe43938d17369a213ca8a8bf74b6a90ab1a"
    integrity sha1-v22/5Dk40XNpohPKiov3S2qQqxo=
    dependencies:
      babel-helper-optimise-call-expression "^6.24.1"
      babel-messages "^6.23.0"
      babel-runtime "^6.22.0"
      babel-template "^6.24.1"
      babel-traverse "^6.24.1"
      babel-types "^6.24.1"
  
  babel-messages@^6.23.0:
    version "6.23.0"
    resolved "https://registry.yarnpkg.com/babel-messages/-/babel-messages-6.23.0.tgz#f3cdf4703858035b2a2951c6ec5edf6c62f2630e"
    integrity sha1-8830cDhYA1sqKVHG7F7fbGLyYw4=
    dependencies:
      babel-runtime "^6.22.0"
  
  babel-plugin-check-es2015-constants@^6.22.0:
    version "6.22.0"
    resolved "https://registry.yarnpkg.com/babel-plugin-check-es2015-constants/-/babel-plugin-check-es2015-constants-6.22.0.tgz#35157b101426fd2ffd3da3f75c7d1e91835bbf8a"
    integrity sha1-NRV7EBQm/S/9PaP3XH0ekYNbv4o=
    dependencies:
      babel-runtime "^6.22.0"
  
  babel-plugin-syntax-async-functions@^6.8.0:
    version "6.13.0"
    resolved "https://registry.yarnpkg.com/babel-plugin-syntax-async-functions/-/babel-plugin-syntax-async-functions-6.13.0.tgz#cad9cad1191b5ad634bf30ae0872391e0647be95"
    integrity sha1-ytnK0RkbWtY0vzCuCHI5HgZHvpU=
  
  babel-plugin-syntax-exponentiation-operator@^6.8.0:
    version "6.13.0"
    resolved "https://registry.yarnpkg.com/babel-plugin-syntax-exponentiation-operator/-/babel-plugin-syntax-exponentiation-operator-6.13.0.tgz#9ee7e8337290da95288201a6a57f4170317830de"
    integrity sha1-nufoM3KQ2pUoggGmpX9BcDF4MN4=
  
  babel-plugin-syntax-trailing-function-commas@^6.22.0:
    version "6.22.0"
    resolved "https://registry.yarnpkg.com/babel-plugin-syntax-trailing-function-commas/-/babel-plugin-syntax-trailing-function-commas-6.22.0.tgz#ba0360937f8d06e40180a43fe0d5616fff532cf3"
    integrity sha1-ugNgk3+NBuQBgKQ/4NVhb/9TLPM=
  
  babel-plugin-transform-async-to-generator@^6.22.0:
    version "6.24.1"
    resolved "https://registry.yarnpkg.com/babel-plugin-transform-async-to-generator/-/babel-plugin-transform-async-to-generator-6.24.1.tgz#6536e378aff6cb1d5517ac0e40eb3e9fc8d08761"
    integrity sha1-ZTbjeK/2yx1VF6wOQOs+n8jQh2E=
    dependencies:
      babel-helper-remap-async-to-generator "^6.24.1"
      babel-plugin-syntax-async-functions "^6.8.0"
      babel-runtime "^6.22.0"
  
  babel-plugin-transform-es2015-arrow-functions@^6.22.0:
    version "6.22.0"
    resolved "https://registry.yarnpkg.com/babel-plugin-transform-es2015-arrow-functions/-/babel-plugin-transform-es2015-arrow-functions-6.22.0.tgz#452692cb711d5f79dc7f85e440ce41b9f244d221"
    integrity sha1-RSaSy3EdX3ncf4XkQM5BufJE0iE=
    dependencies:
      babel-runtime "^6.22.0"
  
  babel-plugin-transform-es2015-block-scoped-functions@^6.22.0:
    version "6.22.0"
    resolved "https://registry.yarnpkg.com/babel-plugin-transform-es2015-block-scoped-functions/-/babel-plugin-transform-es2015-block-scoped-functions-6.22.0.tgz#bbc51b49f964d70cb8d8e0b94e820246ce3a6141"
    integrity sha1-u8UbSflk1wy42OC5ToICRs46YUE=
    dependencies:
      babel-runtime "^6.22.0"
  
  babel-plugin-transform-es2015-block-scoping@^6.23.0:
    version "6.26.0"
    resolved "https://registry.yarnpkg.com/babel-plugin-transform-es2015-block-scoping/-/babel-plugin-transform-es2015-block-scoping-6.26.0.tgz#d70f5299c1308d05c12f463813b0a09e73b1895f"
    integrity sha1-1w9SmcEwjQXBL0Y4E7CgnnOxiV8=
    dependencies:
      babel-runtime "^6.26.0"
      babel-template "^6.26.0"
      babel-traverse "^6.26.0"
      babel-types "^6.26.0"
      lodash "^4.17.4"
  
  babel-plugin-transform-es2015-classes@^6.23.0:
    version "6.24.1"
    resolved "https://registry.yarnpkg.com/babel-plugin-transform-es2015-classes/-/babel-plugin-transform-es2015-classes-6.24.1.tgz#5a4c58a50c9c9461e564b4b2a3bfabc97a2584db"
    integrity sha1-WkxYpQyclGHlZLSyo7+ryXolhNs=
    dependencies:
      babel-helper-define-map "^6.24.1"
      babel-helper-function-name "^6.24.1"
      babel-helper-optimise-call-expression "^6.24.1"
      babel-helper-replace-supers "^6.24.1"
      babel-messages "^6.23.0"
      babel-runtime "^6.22.0"
      babel-template "^6.24.1"
      babel-traverse "^6.24.1"
      babel-types "^6.24.1"
  
  babel-plugin-transform-es2015-computed-properties@^6.22.0:
    version "6.24.1"
    resolved "https://registry.yarnpkg.com/babel-plugin-transform-es2015-computed-properties/-/babel-plugin-transform-es2015-computed-properties-6.24.1.tgz#6fe2a8d16895d5634f4cd999b6d3480a308159b3"
    integrity sha1-b+Ko0WiV1WNPTNmZttNICjCBWbM=
    dependencies:
      babel-runtime "^6.22.0"
      babel-template "^6.24.1"
  
  babel-plugin-transform-es2015-destructuring@^6.23.0:
    version "6.23.0"
    resolved "https://registry.yarnpkg.com/babel-plugin-transform-es2015-destructuring/-/babel-plugin-transform-es2015-destructuring-6.23.0.tgz#997bb1f1ab967f682d2b0876fe358d60e765c56d"
    integrity sha1-mXux8auWf2gtKwh2/jWNYOdlxW0=
    dependencies:
      babel-runtime "^6.22.0"
  
  babel-plugin-transform-es2015-duplicate-keys@^6.22.0:
    version "6.24.1"
    resolved "https://registry.yarnpkg.com/babel-plugin-transform-es2015-duplicate-keys/-/babel-plugin-transform-es2015-duplicate-keys-6.24.1.tgz#73eb3d310ca969e3ef9ec91c53741a6f1576423e"
    integrity sha1-c+s9MQypaePvnskcU3QabxV2Qj4=
    dependencies:
      babel-runtime "^6.22.0"
      babel-types "^6.24.1"
  
  babel-plugin-transform-es2015-for-of@^6.23.0:
    version "6.23.0"
    resolved "https://registry.yarnpkg.com/babel-plugin-transform-es2015-for-of/-/babel-plugin-transform-es2015-for-of-6.23.0.tgz#f47c95b2b613df1d3ecc2fdb7573623c75248691"
    integrity sha1-9HyVsrYT3x0+zC/bdXNiPHUkhpE=
    dependencies:
      babel-runtime "^6.22.0"
  
  babel-plugin-transform-es2015-function-name@^6.22.0:
    version "6.24.1"
    resolved "https://registry.yarnpkg.com/babel-plugin-transform-es2015-function-name/-/babel-plugin-transform-es2015-function-name-6.24.1.tgz#834c89853bc36b1af0f3a4c5dbaa94fd8eacaa8b"
    integrity sha1-g0yJhTvDaxrw86TF26qU/Y6sqos=
    dependencies:
      babel-helper-function-name "^6.24.1"
      babel-runtime "^6.22.0"
      babel-types "^6.24.1"
  
  babel-plugin-transform-es2015-literals@^6.22.0:
    version "6.22.0"
    resolved "https://registry.yarnpkg.com/babel-plugin-transform-es2015-literals/-/babel-plugin-transform-es2015-literals-6.22.0.tgz#4f54a02d6cd66cf915280019a31d31925377ca2e"
    integrity sha1-T1SgLWzWbPkVKAAZox0xklN3yi4=
    dependencies:
      babel-runtime "^6.22.0"
  
  babel-plugin-transform-es2015-modules-amd@^6.22.0, babel-plugin-transform-es2015-modules-amd@^6.24.1:
    version "6.24.1"
    resolved "https://registry.yarnpkg.com/babel-plugin-transform-es2015-modules-amd/-/babel-plugin-transform-es2015-modules-amd-6.24.1.tgz#3b3e54017239842d6d19c3011c4bd2f00a00d154"
    integrity sha1-Oz5UAXI5hC1tGcMBHEvS8AoA0VQ=
    dependencies:
      babel-plugin-transform-es2015-modules-commonjs "^6.24.1"
      babel-runtime "^6.22.0"
      babel-template "^6.24.1"
  
  babel-plugin-transform-es2015-modules-commonjs@^6.23.0, babel-plugin-transform-es2015-modules-commonjs@^6.24.1:
    version "6.26.2"
    resolved "https://registry.yarnpkg.com/babel-plugin-transform-es2015-modules-commonjs/-/babel-plugin-transform-es2015-modules-commonjs-6.26.2.tgz#58a793863a9e7ca870bdc5a881117ffac27db6f3"
    integrity sha512-CV9ROOHEdrjcwhIaJNBGMBCodN+1cfkwtM1SbUHmvyy35KGT7fohbpOxkE2uLz1o6odKK2Ck/tz47z+VqQfi9Q==
    dependencies:
      babel-plugin-transform-strict-mode "^6.24.1"
      babel-runtime "^6.26.0"
      babel-template "^6.26.0"
      babel-types "^6.26.0"
  
  babel-plugin-transform-es2015-modules-systemjs@^6.23.0:
    version "6.24.1"
    resolved "https://registry.yarnpkg.com/babel-plugin-transform-es2015-modules-systemjs/-/babel-plugin-transform-es2015-modules-systemjs-6.24.1.tgz#ff89a142b9119a906195f5f106ecf305d9407d23"
    integrity sha1-/4mhQrkRmpBhlfXxBuzzBdlAfSM=
    dependencies:
      babel-helper-hoist-variables "^6.24.1"
      babel-runtime "^6.22.0"
      babel-template "^6.24.1"
  
  babel-plugin-transform-es2015-modules-umd@^6.23.0:
    version "6.24.1"
    resolved "https://registry.yarnpkg.com/babel-plugin-transform-es2015-modules-umd/-/babel-plugin-transform-es2015-modules-umd-6.24.1.tgz#ac997e6285cd18ed6176adb607d602344ad38468"
    integrity sha1-rJl+YoXNGO1hdq22B9YCNErThGg=
    dependencies:
      babel-plugin-transform-es2015-modules-amd "^6.24.1"
      babel-runtime "^6.22.0"
      babel-template "^6.24.1"
  
  babel-plugin-transform-es2015-object-super@^6.22.0:
    version "6.24.1"
    resolved "https://registry.yarnpkg.com/babel-plugin-transform-es2015-object-super/-/babel-plugin-transform-es2015-object-super-6.24.1.tgz#24cef69ae21cb83a7f8603dad021f572eb278f8d"
    integrity sha1-JM72muIcuDp/hgPa0CH1cusnj40=
    dependencies:
      babel-helper-replace-supers "^6.24.1"
      babel-runtime "^6.22.0"
  
  babel-plugin-transform-es2015-parameters@^6.23.0:
    version "6.24.1"
    resolved "https://registry.yarnpkg.com/babel-plugin-transform-es2015-parameters/-/babel-plugin-transform-es2015-parameters-6.24.1.tgz#57ac351ab49caf14a97cd13b09f66fdf0a625f2b"
    integrity sha1-V6w1GrScrxSpfNE7CfZv3wpiXys=
    dependencies:
      babel-helper-call-delegate "^6.24.1"
      babel-helper-get-function-arity "^6.24.1"
      babel-runtime "^6.22.0"
      babel-template "^6.24.1"
      babel-traverse "^6.24.1"
      babel-types "^6.24.1"
  
  babel-plugin-transform-es2015-shorthand-properties@^6.22.0:
    version "6.24.1"
    resolved "https://registry.yarnpkg.com/babel-plugin-transform-es2015-shorthand-properties/-/babel-plugin-transform-es2015-shorthand-properties-6.24.1.tgz#24f875d6721c87661bbd99a4622e51f14de38aa0"
    integrity sha1-JPh11nIch2YbvZmkYi5R8U3jiqA=
    dependencies:
      babel-runtime "^6.22.0"
      babel-types "^6.24.1"
  
  babel-plugin-transform-es2015-spread@^6.22.0:
    version "6.22.0"
    resolved "https://registry.yarnpkg.com/babel-plugin-transform-es2015-spread/-/babel-plugin-transform-es2015-spread-6.22.0.tgz#d6d68a99f89aedc4536c81a542e8dd9f1746f8d1"
    integrity sha1-1taKmfia7cRTbIGlQujdnxdG+NE=
    dependencies:
      babel-runtime "^6.22.0"
  
  babel-plugin-transform-es2015-sticky-regex@^6.22.0:
    version "6.24.1"
    resolved "https://registry.yarnpkg.com/babel-plugin-transform-es2015-sticky-regex/-/babel-plugin-transform-es2015-sticky-regex-6.24.1.tgz#00c1cdb1aca71112cdf0cf6126c2ed6b457ccdbc"
    integrity sha1-AMHNsaynERLN8M9hJsLta0V8zbw=
    dependencies:
      babel-helper-regex "^6.24.1"
      babel-runtime "^6.22.0"
      babel-types "^6.24.1"
  
  babel-plugin-transform-es2015-template-literals@^6.22.0:
    version "6.22.0"
    resolved "https://registry.yarnpkg.com/babel-plugin-transform-es2015-template-literals/-/babel-plugin-transform-es2015-template-literals-6.22.0.tgz#a84b3450f7e9f8f1f6839d6d687da84bb1236d8d"
    integrity sha1-qEs0UPfp+PH2g51taH2oS7EjbY0=
    dependencies:
      babel-runtime "^6.22.0"
  
  babel-plugin-transform-es2015-typeof-symbol@^6.23.0:
    version "6.23.0"
    resolved "https://registry.yarnpkg.com/babel-plugin-transform-es2015-typeof-symbol/-/babel-plugin-transform-es2015-typeof-symbol-6.23.0.tgz#dec09f1cddff94b52ac73d505c84df59dcceb372"
    integrity sha1-3sCfHN3/lLUqxz1QXITfWdzOs3I=
    dependencies:
      babel-runtime "^6.22.0"
  
  babel-plugin-transform-es2015-unicode-regex@^6.22.0:
    version "6.24.1"
    resolved "https://registry.yarnpkg.com/babel-plugin-transform-es2015-unicode-regex/-/babel-plugin-transform-es2015-unicode-regex-6.24.1.tgz#d38b12f42ea7323f729387f18a7c5ae1faeb35e9"
    integrity sha1-04sS9C6nMj9yk4fxinxa4frrNek=
    dependencies:
      babel-helper-regex "^6.24.1"
      babel-runtime "^6.22.0"
      regexpu-core "^2.0.0"
  
  babel-plugin-transform-exponentiation-operator@^6.22.0:
    version "6.24.1"
    resolved "https://registry.yarnpkg.com/babel-plugin-transform-exponentiation-operator/-/babel-plugin-transform-exponentiation-operator-6.24.1.tgz#2ab0c9c7f3098fa48907772bb813fe41e8de3a0e"
    integrity sha1-KrDJx/MJj6SJB3cruBP+QejeOg4=
    dependencies:
      babel-helper-builder-binary-assignment-operator-visitor "^6.24.1"
      babel-plugin-syntax-exponentiation-operator "^6.8.0"
      babel-runtime "^6.22.0"
  
  babel-plugin-transform-regenerator@^6.22.0:
    version "6.26.0"
    resolved "https://registry.yarnpkg.com/babel-plugin-transform-regenerator/-/babel-plugin-transform-regenerator-6.26.0.tgz#e0703696fbde27f0a3efcacf8b4dca2f7b3a8f2f"
    integrity sha1-4HA2lvveJ/Cj78rPi03KL3s6jy8=
    dependencies:
      regenerator-transform "^0.10.0"
  
  babel-plugin-transform-strict-mode@^6.24.1:
    version "6.24.1"
    resolved "https://registry.yarnpkg.com/babel-plugin-transform-strict-mode/-/babel-plugin-transform-strict-mode-6.24.1.tgz#d5faf7aa578a65bbe591cf5edae04a0c67020758"
    integrity sha1-1fr3qleKZbvlkc9e2uBKDGcCB1g=
    dependencies:
      babel-runtime "^6.22.0"
      babel-types "^6.24.1"
  
  babel-preset-env@^1.7.0:
    version "1.7.0"
    resolved "https://registry.yarnpkg.com/babel-preset-env/-/babel-preset-env-1.7.0.tgz#dea79fa4ebeb883cd35dab07e260c1c9c04df77a"
    integrity sha512-9OR2afuKDneX2/q2EurSftUYM0xGu4O2D9adAhVfADDhrYDaxXV0rBbevVYoY9n6nyX1PmQW/0jtpJvUNr9CHg==
    dependencies:
      babel-plugin-check-es2015-constants "^6.22.0"
      babel-plugin-syntax-trailing-function-commas "^6.22.0"
      babel-plugin-transform-async-to-generator "^6.22.0"
      babel-plugin-transform-es2015-arrow-functions "^6.22.0"
      babel-plugin-transform-es2015-block-scoped-functions "^6.22.0"
      babel-plugin-transform-es2015-block-scoping "^6.23.0"
      babel-plugin-transform-es2015-classes "^6.23.0"
      babel-plugin-transform-es2015-computed-properties "^6.22.0"
      babel-plugin-transform-es2015-destructuring "^6.23.0"
      babel-plugin-transform-es2015-duplicate-keys "^6.22.0"
      babel-plugin-transform-es2015-for-of "^6.23.0"
      babel-plugin-transform-es2015-function-name "^6.22.0"
      babel-plugin-transform-es2015-literals "^6.22.0"
      babel-plugin-transform-es2015-modules-amd "^6.22.0"
      babel-plugin-transform-es2015-modules-commonjs "^6.23.0"
      babel-plugin-transform-es2015-modules-systemjs "^6.23.0"
      babel-plugin-transform-es2015-modules-umd "^6.23.0"
      babel-plugin-transform-es2015-object-super "^6.22.0"
      babel-plugin-transform-es2015-parameters "^6.23.0"
      babel-plugin-transform-es2015-shorthand-properties "^6.22.0"
      babel-plugin-transform-es2015-spread "^6.22.0"
      babel-plugin-transform-es2015-sticky-regex "^6.22.0"
      babel-plugin-transform-es2015-template-literals "^6.22.0"
      babel-plugin-transform-es2015-typeof-symbol "^6.23.0"
      babel-plugin-transform-es2015-unicode-regex "^6.22.0"
      babel-plugin-transform-exponentiation-operator "^6.22.0"
      babel-plugin-transform-regenerator "^6.22.0"
      browserslist "^3.2.6"
      invariant "^2.2.2"
      semver "^5.3.0"
  
  babel-runtime@^6.18.0, babel-runtime@^6.22.0, babel-runtime@^6.26.0:
    version "6.26.0"
    resolved "https://registry.yarnpkg.com/babel-runtime/-/babel-runtime-6.26.0.tgz#965c7058668e82b55d7bfe04ff2337bc8b5647fe"
    integrity sha1-llxwWGaOgrVde/4E/yM3vItWR/4=
    dependencies:
      core-js "^2.4.0"
      regenerator-runtime "^0.11.0"
  
  babel-template@^6.24.1, babel-template@^6.26.0:
    version "6.26.0"
    resolved "https://registry.yarnpkg.com/babel-template/-/babel-template-6.26.0.tgz#de03e2d16396b069f46dd9fff8521fb1a0e35e02"
    integrity sha1-3gPi0WOWsGn0bdn/+FIfsaDjXgI=
    dependencies:
      babel-runtime "^6.26.0"
      babel-traverse "^6.26.0"
      babel-types "^6.26.0"
      babylon "^6.18.0"
      lodash "^4.17.4"
  
  babel-traverse@^6.24.1, babel-traverse@^6.26.0:
    version "6.26.0"
    resolved "https://registry.yarnpkg.com/babel-traverse/-/babel-traverse-6.26.0.tgz#46a9cbd7edcc62c8e5c064e2d2d8d0f4035766ee"
    integrity sha1-RqnL1+3MYsjlwGTi0tjQ9ANXZu4=
    dependencies:
      babel-code-frame "^6.26.0"
      babel-messages "^6.23.0"
      babel-runtime "^6.26.0"
      babel-types "^6.26.0"
      babylon "^6.18.0"
      debug "^2.6.8"
      globals "^9.18.0"
      invariant "^2.2.2"
      lodash "^4.17.4"
  
  babel-types@^6.19.0, babel-types@^6.24.1, babel-types@^6.26.0:
    version "6.26.0"
    resolved "https://registry.yarnpkg.com/babel-types/-/babel-types-6.26.0.tgz#a3b073f94ab49eb6fa55cd65227a334380632497"
    integrity sha1-o7Bz+Uq0nrb6Vc1lInozQ4BjJJc=
    dependencies:
      babel-runtime "^6.26.0"
      esutils "^2.0.2"
      lodash "^4.17.4"
      to-fast-properties "^1.0.3"
  
  babylon@^6.18.0:
    version "6.18.0"
    resolved "https://registry.yarnpkg.com/babylon/-/babylon-6.18.0.tgz#af2f3b88fa6f5c1e4c634d1a0f8eac4f55b395e3"
    integrity sha512-q/UEjfGJ2Cm3oKV71DJz9d25TPnq5rhBVL2Q4fA5wcC3jcrdn7+SssEybFIxwAvvP+YCsCYNKughoF33GxgycQ==
  
  browserslist@^3.2.6:
    version "3.2.8"
    resolved "https://registry.yarnpkg.com/browserslist/-/browserslist-3.2.8.tgz#b0005361d6471f0f5952797a76fc985f1f978fc6"
    integrity sha512-WHVocJYavUwVgVViC0ORikPHQquXwVh939TaelZ4WDqpWgTX/FsGhl/+P4qBUAGcRvtOgDgC+xftNWWp2RUTAQ==
    dependencies:
      caniuse-lite "^1.0.30000844"
      electron-to-chromium "^1.3.47"
  
  caniuse-lite@^1.0.30000844:
    version "1.0.30001157"
    resolved "https://registry.yarnpkg.com/caniuse-lite/-/caniuse-lite-1.0.30001157.tgz#2d11aaeb239b340bc1aa730eca18a37fdb07a9ab"
    integrity sha512-gOerH9Wz2IRZ2ZPdMfBvyOi3cjaz4O4dgNwPGzx8EhqAs4+2IL/O+fJsbt+znSigujoZG8bVcIAUM/I/E5K3MA==
  
  chalk@^1.1.3:
    version "1.1.3"
    resolved "https://registry.yarnpkg.com/chalk/-/chalk-1.1.3.tgz#a8115c55e4a702fe4d150abd3872822a7e09fc98"
    integrity sha1-qBFcVeSnAv5NFQq9OHKCKn4J/Jg=
    dependencies:
      ansi-styles "^2.2.1"
      escape-string-regexp "^1.0.2"
      has-ansi "^2.0.0"
      strip-ansi "^3.0.0"
      supports-color "^2.0.0"
  
  chalk@^2.0.0:
    version "2.4.2"
    resolved "https://registry.yarnpkg.com/chalk/-/chalk-2.4.2.tgz#cd42541677a54333cf541a49108c1432b44c9424"
    integrity sha512-Mti+f9lpJNcwF4tWV8/OrTTtF1gZi+f8FqlyAdouralcFWFQWF2+NgCHShjkCb+IFBLq9buZwE1xckQU4peSuQ==
    dependencies:
      ansi-styles "^3.2.1"
      escape-string-regexp "^1.0.5"
      supports-color "^5.3.0"
  
  chalk@^4.1.0:
    version "4.1.0"
    resolved "https://registry.yarnpkg.com/chalk/-/chalk-4.1.0.tgz#4e14870a618d9e2edd97dd8345fd9d9dc315646a"
    integrity sha512-qwx12AxXe2Q5xQ43Ac//I6v5aXTipYrSESdOgzrN+9XjgEpyjpKuvSGaN4qE93f7TQTlerQQ8S+EQ0EyDoVL1A==
    dependencies:
      ansi-styles "^4.1.0"
      supports-color "^7.1.0"
  
  cliui@^7.0.2:
    version "7.0.4"
    resolved "https://registry.yarnpkg.com/cliui/-/cliui-7.0.4.tgz#a0265ee655476fc807aea9df3df8df7783808b4f"
    integrity sha512-OcRE68cOsVMXp1Yvonl/fzkQOyjLSu/8bhPDfQt0e0/Eb283TKP20Fs2MqoPsr9SwA595rRCA+QMzYc9nBP+JQ==
    dependencies:
      string-width "^4.2.0"
      strip-ansi "^6.0.0"
      wrap-ansi "^7.0.0"
  
  color-convert@^1.9.0:
    version "1.9.3"
    resolved "https://registry.yarnpkg.com/color-convert/-/color-convert-1.9.3.tgz#bb71850690e1f136567de629d2d5471deda4c1e8"
    integrity sha512-QfAUtd+vFdAtFQcC8CCyYt1fYWxSqAiK2cSD6zDB8N3cpsEBAvRxp9zOGg6G/SHHJYAT88/az/IuDGALsNVbGg==
    dependencies:
      color-name "1.1.3"
  
  color-convert@^2.0.1:
    version "2.0.1"
    resolved "https://registry.yarnpkg.com/color-convert/-/color-convert-2.0.1.tgz#72d3a68d598c9bdb3af2ad1e84f21d896abd4de3"
    integrity sha512-RRECPsj7iu/xb5oKYcsFHSppFNnsj/52OVTRKb4zP5onXwVF3zVmmToNcOfGC+CRDpfK/U584fMg38ZHCaElKQ==
    dependencies:
      color-name "~1.1.4"
  
  color-name@1.1.3:
    version "1.1.3"
    resolved "https://registry.yarnpkg.com/color-name/-/color-name-1.1.3.tgz#a7d0558bd89c42f795dd42328f740831ca53bc25"
    integrity sha1-p9BVi9icQveV3UIyj3QIMcpTvCU=
  
  color-name@~1.1.4:
    version "1.1.4"
    resolved "https://registry.yarnpkg.com/color-name/-/color-name-1.1.4.tgz#c2a09a87acbde69543de6f63fa3995c826c536a2"
    integrity sha512-dOy+3AuW3a2wNbZHIuMZpTcgjGuLU/uBL/ubcZF9OXbDo8ff4O8yVp5Bf0efS8uEoYo5q4Fx7dY9OgQGXgAsQA==
  
  combined-stream@^1.0.8:
    version "1.0.8"
    resolved "https://registry.yarnpkg.com/combined-stream/-/combined-stream-1.0.8.tgz#c3d45a8b34fd730631a110a8a2520682b31d5a7f"
    integrity sha512-FQN4MRfuJeHf7cBbBMJFXhKSDq+2kAArBlmRBvcvFE5BB1HZKXtSFASDhdlz9zOYwxh8lDdnvmMOe/+5cdoEdg==
    dependencies:
      delayed-stream "~1.0.0"
  
  convert-source-map@^1.7.0:
    version "1.7.0"
    resolved "https://registry.yarnpkg.com/convert-source-map/-/convert-source-map-1.7.0.tgz#17a2cb882d7f77d3490585e2ce6c524424a3a442"
    integrity sha512-4FJkXzKXEDB1snCFZlLP4gpC3JILicCpGbzG9f9G7tGqGCzETQ2hWPrcinA9oU4wtf2biUaEH5065UnMeR33oA==
    dependencies:
      safe-buffer "~5.1.1"
  
  core-js@3:
    version "3.7.0"
    resolved "https://registry.yarnpkg.com/core-js/-/core-js-3.7.0.tgz#b0a761a02488577afbf97179e4681bf49568520f"
    integrity sha512-NwS7fI5M5B85EwpWuIwJN4i/fbisQUwLwiSNUWeXlkAZ0sbBjLEvLvFLf1uzAUV66PcEPt4xCGCmOZSxVf3xzA==
  
  core-js@^2.4.0:
    version "2.6.11"
    resolved "https://registry.yarnpkg.com/core-js/-/core-js-2.6.11.tgz#38831469f9922bded8ee21c9dc46985e0399308c"
    integrity sha512-5wjnpaT/3dV+XB4borEsnAYQchn00XSgTAWKDkEqv+K8KevjbzmofK6hfJ9TZIlpj2N0xQpazy7PiRQiWHqzWg==
  
  debug@^2.6.8:
    version "2.6.9"
    resolved "https://registry.yarnpkg.com/debug/-/debug-2.6.9.tgz#5d128515df134ff327e90a4c93f4e077a536341f"
    integrity sha512-bC7ElrdJaJnPbAP+1EotYvqZsb3ecl5wi6Bfi6BJTUcNowp6cvspg0jXznRTKDjm/E7AdgFBVeAPVMNcKGsHMA==
    dependencies:
      ms "2.0.0"
  
  debug@^4.1.0:
    version "4.2.0"
    resolved "https://registry.yarnpkg.com/debug/-/debug-4.2.0.tgz#7f150f93920e94c58f5574c2fd01a3110effe7f1"
    integrity sha512-IX2ncY78vDTjZMFUdmsvIRFY2Cf4FnD0wRs+nQwJU8Lu99/tPFdb0VybiiMTPe3I6rQmwsqQqRBvxU+bZ/I8sg==
    dependencies:
      ms "2.1.2"
  
  delayed-stream@~1.0.0:
    version "1.0.0"
    resolved "https://registry.yarnpkg.com/delayed-stream/-/delayed-stream-1.0.0.tgz#df3ae199acadfb7d440aaae0b29e2272b24ec619"
    integrity sha1-3zrhmayt+31ECqrgsp4icrJOxhk=
  
  electron-to-chromium@^1.3.47:
    version "1.3.593"
    resolved "https://registry.yarnpkg.com/electron-to-chromium/-/electron-to-chromium-1.3.593.tgz#947ccf6dc8e013e2b053d2463ecd1043c164fcef"
    integrity sha512-GvO7G1ZxvffnMvPCr4A7+iQPVuvpyqMrx2VWSERAjG+pHK6tmO9XqYdBfMIq9corRyi4bNImSDEiDvIoDb8HrA==
  
  emoji-regex@^8.0.0:
    version "8.0.0"
    resolved "https://registry.yarnpkg.com/emoji-regex/-/emoji-regex-8.0.0.tgz#e818fd69ce5ccfcb404594f842963bf53164cc37"
    integrity sha512-MSjYzcWNOA0ewAHpz0MxpYFvwg6yjy1NG3xteoqz644VCo/RPgnr1/GGt+ic3iJTzQ8Eu3TdM14SawnVUmGE6A==
  
  escalade@^3.1.1:
    version "3.1.1"
    resolved "https://registry.yarnpkg.com/escalade/-/escalade-3.1.1.tgz#d8cfdc7000965c5a0174b4a82eaa5c0552742e40"
    integrity sha512-k0er2gUkLf8O0zKJiAhmkTnJlTvINGv7ygDNPbeIsX/TJjGJZHuh9B2UxbsaEkmlEo9MfhrSzmhIlhRlI2GXnw==
  
  escape-string-regexp@^1.0.2, escape-string-regexp@^1.0.5:
    version "1.0.5"
    resolved "https://registry.yarnpkg.com/escape-string-regexp/-/escape-string-regexp-1.0.5.tgz#1b61c0562190a8dff6ae3bb2cf0200ca130b86d4"
    integrity sha1-G2HAViGQqN/2rjuyzwIAyhMLhtQ=
  
  estree-walker@^1.0.1:
    version "1.0.1"
    resolved "https://registry.yarnpkg.com/estree-walker/-/estree-walker-1.0.1.tgz#31bc5d612c96b704106b477e6dd5d8aa138cb700"
    integrity sha512-1fMXF3YP4pZZVozF8j/ZLfvnR8NSIljt56UhbZ5PeeDmmGHpgpdwQt7ITlGvYaQukCvuBRMLEiKiYC+oeIg4cg==
  
  esutils@^2.0.2:
    version "2.0.3"
    resolved "https://registry.yarnpkg.com/esutils/-/esutils-2.0.3.tgz#74d2eb4de0b8da1293711910d50775b9b710ef64"
    integrity sha512-kVscqXk4OCp68SZ0dkgEKVi6/8ij300KBWTJq32P/dYeWTSwK41WyTxalN1eRmA5Z9UU/LX9D7FWSmV9SAYx6g==
  
  form-data@^3.0.0:
    version "3.0.0"
    resolved "https://registry.yarnpkg.com/form-data/-/form-data-3.0.0.tgz#31b7e39c85f1355b7139ee0c647cf0de7f83c682"
    integrity sha512-CKMFDglpbMi6PyN+brwB9Q/GOw0eAnsrEZDgcsH5Krhz5Od/haKHAX0NmQfha2zPPz0JpWzA7GJHGSnvCRLWsg==
    dependencies:
      asynckit "^0.4.0"
      combined-stream "^1.0.8"
      mime-types "^2.1.12"
  
  fsevents@~2.1.2:
    version "2.1.3"
    resolved "https://registry.yarnpkg.com/fsevents/-/fsevents-2.1.3.tgz#fb738703ae8d2f9fe900c33836ddebee8b97f23e"
    integrity sha512-Auw9a4AxqWpa9GUfj370BMPzzyncfBABW8Mab7BGWBYDj4Isgq+cDKtx0i6u9jcX9pQDnswsaaOTgTmA5pEjuQ==
  
  function-bind@^1.1.1:
    version "1.1.1"
    resolved "https://registry.yarnpkg.com/function-bind/-/function-bind-1.1.1.tgz#a56899d3ea3c9bab874bb9773b7c5ede92f4895d"
    integrity sha512-yIovAzMX49sF8Yl58fSCWJ5svSLuaibPxXQJFLmBObTuCr0Mf1KiPopGM9NiFjiYBCbfaa2Fh6breQ6ANVTI0A==
  
  gensync@^1.0.0-beta.1:
    version "1.0.0-beta.2"
    resolved "https://registry.yarnpkg.com/gensync/-/gensync-1.0.0-beta.2.tgz#32a6ee76c3d7f52d46b2b1ae5d93fea8580a25e0"
    integrity sha512-3hN7NaskYvMDLQY55gnW3NQ+mesEAepTqlg+VEbj7zzqEMBVNhzcGYYeqFo/TlYz6eQiFcp1HcsCZO+nGgS8zg==
  
  get-caller-file@^2.0.5:
    version "2.0.5"
    resolved "https://registry.yarnpkg.com/get-caller-file/-/get-caller-file-2.0.5.tgz#4f94412a82db32f36e3b0b9741f8a97feb031f7e"
    integrity sha512-DyFP3BM/3YHTQOCUL/w0OZHR0lpKeGrxotcHWcqNEdnltqFwXVfhEBQ94eIo34AfQpo0rGki4cyIiftY06h2Fg==
  
  globals@^11.1.0:
    version "11.12.0"
    resolved "https://registry.yarnpkg.com/globals/-/globals-11.12.0.tgz#ab8795338868a0babd8525758018c2a7eb95c42e"
    integrity sha512-WOBp/EEGUiIsJSp7wcv/y6MO+lV9UoncWqxuFfm8eBwzWNgyfBd6Gz+IeKQ9jCmyhoH99g15M3T+QaVHFjizVA==
  
  globals@^9.18.0:
    version "9.18.0"
    resolved "https://registry.yarnpkg.com/globals/-/globals-9.18.0.tgz#aa3896b3e69b487f17e31ed2143d69a8e30c2d8a"
    integrity sha512-S0nG3CLEQiY/ILxqtztTWH/3iRRdyBLw6KMDxnKMchrtbj2OFmehVh0WUCfW3DUrIgx/qFrJPICrq4Z4sTR9UQ==
  
  has-ansi@^2.0.0:
    version "2.0.0"
    resolved "https://registry.yarnpkg.com/has-ansi/-/has-ansi-2.0.0.tgz#34f5049ce1ecdf2b0649af3ef24e45ed35416d91"
    integrity sha1-NPUEnOHs3ysGSa8+8k5F7TVBbZE=
    dependencies:
      ansi-regex "^2.0.0"
  
  has-flag@^3.0.0:
    version "3.0.0"
    resolved "https://registry.yarnpkg.com/has-flag/-/has-flag-3.0.0.tgz#b5d454dc2199ae225699f3467e5a07f3b955bafd"
    integrity sha1-tdRU3CGZriJWmfNGfloH87lVuv0=
  
  has-flag@^4.0.0:
    version "4.0.0"
    resolved "https://registry.yarnpkg.com/has-flag/-/has-flag-4.0.0.tgz#944771fd9c81c81265c4d6941860da06bb59479b"
    integrity sha512-EykJT/Q1KjTWctppgIAgfSO0tKVuZUjhgMr17kqTumMl6Afv3EISleU7qZUzoXDFTAHTDC4NOoG/ZxU3EvlMPQ==
  
  has@^1.0.3:
    version "1.0.3"
    resolved "https://registry.yarnpkg.com/has/-/has-1.0.3.tgz#722d7cbfc1f6aa8241f16dd814e011e1f41e8796"
    integrity sha512-f2dvO0VU6Oej7RkWJGrehjbzMAjFp5/VKPp5tTpWIV4JHHZK1/BxbFRtf/siA2SWTe09caDmVtYYzWEIbBS4zw==
    dependencies:
      function-bind "^1.1.1"
  
  invariant@^2.2.2:
    version "2.2.4"
    resolved "https://registry.yarnpkg.com/invariant/-/invariant-2.2.4.tgz#610f3c92c9359ce1db616e538008d23ff35158e6"
    integrity sha512-phJfQVBuaJM5raOpJjSfkiD6BpbCE4Ns//LaXl6wGYtUBY83nWS6Rf9tXm2e8VaK60JEjYldbPif/A2B1C2gNA==
    dependencies:
      loose-envify "^1.0.0"
  
  is-core-module@^2.1.0:
    version "2.1.0"
    resolved "https://registry.yarnpkg.com/is-core-module/-/is-core-module-2.1.0.tgz#a4cc031d9b1aca63eecbd18a650e13cb4eeab946"
    integrity sha512-YcV7BgVMRFRua2FqQzKtTDMz8iCuLEyGKjr70q8Zm1yy2qKcurbFEd79PAdHV77oL3NrAaOVQIbMmiHQCHB7ZA==
    dependencies:
      has "^1.0.3"
  
  is-fullwidth-code-point@^3.0.0:
    version "3.0.0"
    resolved "https://registry.yarnpkg.com/is-fullwidth-code-point/-/is-fullwidth-code-point-3.0.0.tgz#f116f8064fe90b3f7844a38997c0b75051269f1d"
    integrity sha512-zymm5+u+sCsSWyD9qNaejV3DFvhCKclKdizYaJUuHA83RLjb7nSuGnddCHGv0hk+KY7BMAlsWeK4Ueg6EV6XQg==
  
  "js-tokens@^3.0.0 || ^4.0.0", js-tokens@^4.0.0:
    version "4.0.0"
    resolved "https://registry.yarnpkg.com/js-tokens/-/js-tokens-4.0.0.tgz#19203fb59991df98e3a287050d4647cdeaf32499"
    integrity sha512-RdJUflcE3cUzKiMqQgsCu06FPu9UdIJO0beYbPhHN4k6apgJtifcoCtT9bcxOpYBtpD2kCM6Sbzg4CausW/PKQ==
  
  js-tokens@^3.0.2:
    version "3.0.2"
    resolved "https://registry.yarnpkg.com/js-tokens/-/js-tokens-3.0.2.tgz#9866df395102130e38f7f996bceb65443209c25b"
    integrity sha1-mGbfOVECEw449/mWvOtlRDIJwls=
  
  jsesc@^2.5.1:
    version "2.5.2"
    resolved "https://registry.yarnpkg.com/jsesc/-/jsesc-2.5.2.tgz#80564d2e483dacf6e8ef209650a67df3f0c283a4"
    integrity sha512-OYu7XEzjkCQ3C5Ps3QIZsQfNpqoJyZZA99wd9aWd05NCtC5pWOkShK2mkL6HXQR6/Cy2lbNdPlZBpuQHXE63gA==
  
  jsesc@~0.5.0:
    version "0.5.0"
    resolved "https://registry.yarnpkg.com/jsesc/-/jsesc-0.5.0.tgz#e7dee66e35d6fc16f710fe91d5cf69f70f08911d"
    integrity sha1-597mbjXW/Bb3EP6R1c9p9w8IkR0=
  
  json5@^2.1.2:
    version "2.1.3"
    resolved "https://registry.yarnpkg.com/json5/-/json5-2.1.3.tgz#c9b0f7fa9233bfe5807fe66fcf3a5617ed597d43"
    integrity sha512-KXPvOm8K9IJKFM0bmdn8QXh7udDh1g/giieX0NLCaMnb4hEiVFqnop2ImTXCc5e0/oHz3LTqmHGtExn5hfMkOA==
    dependencies:
      minimist "^1.2.5"
  
  lodash@^4.17.19, lodash@^4.17.4:
    version "4.17.20"
    resolved "https://registry.yarnpkg.com/lodash/-/lodash-4.17.20.tgz#b44a9b6297bcb698f1c51a3545a2b3b368d59c52"
    integrity sha512-PlhdFcillOINfeV7Ni6oF1TAEayyZBoZ8bcshTHqOYJYlrqzRK5hagpagky5o4HfCzzd1TRkXPMFq6cKk9rGmA==
  
  loose-envify@^1.0.0:
    version "1.4.0"
    resolved "https://registry.yarnpkg.com/loose-envify/-/loose-envify-1.4.0.tgz#71ee51fa7be4caec1a63839f7e682d8132d30caf"
    integrity sha512-lyuxPGr/Wfhrlem2CL/UcnUc1zcqKAImBDzukY7Y5F/yQ